<?xml version="1.0" encoding="UTF-8"?>
<!-- Generated by org.testng.reporters.JUnitReportReporter -->
<testsuite hostname="KSB" failures="0" tests="7" name="github_Test.Github_Repo_Test" time="48.554" errors="0" timestamp="2022-09-07T18:31:19 IST" skipped="0">
  <testcase classname="github_Test.Github_Repo_Test" name="check_invalidlogin" time="5.559"/>
  <system-out/>
  <testcase classname="github_Test.Github_Repo_Test" name="check_validlogin" time="5.417"/>
  <system-out/>
  <testcase classname="github_Test.Github_Repo_Test" name="verify_repo_owner" time="3.077"/>
  <system-out/>
  <testcase classname="github_Test.Github_Repo_Test" name="create_newrepo" time="24.436"/>
  <system-out/>
  <testcase classname="github_Test.Github_Repo_Test" name="delete_repo" time="7.018"/>
  <system-out/>
  <testcase classname="github_Test.Github_Repo_Test" name="verify_repo_delete" time="0.265"/>
  <system-out/>
  <testcase classname="github_Test.Github_Repo_Test" name="verify_logout" time="2.782"/>
  <system-out/>
</testsuite> <!-- github_Test.Github_Repo_Test -->
