<?xml version="1.0" encoding="UTF-8"?>
<!-- Generated by org.testng.reporters.JUnitReportReporter -->
<testsuite hostname="KSB" failures="0" tests="7" name="github_Test.Github_Repo_Test" time="45.320" errors="0" timestamp="2022-09-07T17:00:34 IST" skipped="0">
  <testcase classname="github_Test.Github_Repo_Test" name="check_invalidlogin" time="3.784"/>
  <system-out/>
  <testcase classname="github_Test.Github_Repo_Test" name="check_validlogin" time="4.276"/>
  <system-out/>
  <testcase classname="github_Test.Github_Repo_Test" name="verify_repo_owner" time="2.002"/>
  <system-out/>
  <testcase classname="github_Test.Github_Repo_Test" name="create_newrepo" time="25.154"/>
  <system-out/>
  <testcase classname="github_Test.Github_Repo_Test" name="delete_repo" time="6.315"/>
  <system-out/>
  <testcase classname="github_Test.Github_Repo_Test" name="verify_repo_delete" time="0.207"/>
  <system-out/>
  <testcase classname="github_Test.Github_Repo_Test" name="verify_logout" time="3.582"/>
  <system-out/>
</testsuite> <!-- github_Test.Github_Repo_Test -->
