<?xml version="1.0" encoding="UTF-8"?>
<!-- Generated by org.testng.reporters.JUnitReportReporter -->
<testsuite hostname="KSB" failures="0" tests="7" name="github_Test.Github_Repo_Test" time="46.748" errors="0" timestamp="2022-09-11T09:24:54 IST" skipped="0">
  <testcase classname="github_Test.Github_Repo_Test" name="check_invalidlogin" time="6.549"/>
  <system-out/>
  <testcase classname="github_Test.Github_Repo_Test" name="check_validlogin" time="6.547"/>
  <system-out/>
  <testcase classname="github_Test.Github_Repo_Test" name="verify_repo_owner" time="2.126"/>
  <system-out/>
  <testcase classname="github_Test.Github_Repo_Test" name="create_newrepo" time="20.989"/>
  <system-out/>
  <testcase classname="github_Test.Github_Repo_Test" name="delete_repo" time="5.585"/>
  <system-out/>
  <testcase classname="github_Test.Github_Repo_Test" name="verify_repo_delete" time="0.249"/>
  <system-out/>
  <testcase classname="github_Test.Github_Repo_Test" name="verify_logout" time="4.703"/>
  <system-out/>
</testsuite> <!-- github_Test.Github_Repo_Test -->
